<?xml version="1.0" encoding="UTF-8"?>
<!-- Generated by org.testng.reporters.JUnitXMLReporter -->
<testsuite ignored="0" hostname="JamesBond" failures="0" tests="4" name="Daraz Sanity Test" time="0.051" errors="0" timestamp="2024-11-18T15:18:41 GMT">
  <testcase classname="General.baseTest" name="@BeforeSuite startReport" time="85.424">
    <failure type="org.openqa.selenium.SessionNotCreatedException" message="Could not start a new session. Response code 500. Message: An unknown server-side error occurred while processing the command. Original error: Cannot start the &amp;apos;com.daraz.android&amp;apos; application. Consider checking the driver&amp;apos;s troubleshooting documentation. Original error: Cannot start the &amp;apos;com.daraz.android&amp;apos; application. Consider checking the driver&amp;apos;s troubleshooting documentation. Original error: Activity name &amp;apos;.com.alipay.wp.login.ui.activity.VnLoginActivity&amp;apos; used to start the app doesn&amp;apos;t exist or cannot be launched! Make sure it exists and is a launchable activity 
Host info: host: &amp;apos;JAMESBOND&amp;apos;, ip: &amp;apos;192.168.1.67&amp;apos;
Build info: version: &amp;apos;4.14.1&amp;apos;, revision: &amp;apos;03f8ede370&amp;apos;
System info: os.name: &amp;apos;Windows 11&amp;apos;, os.arch: &amp;apos;amd64&amp;apos;, os.version: &amp;apos;10.0&amp;apos;, java.version: &amp;apos;21.0.5&amp;apos;
Driver info: io.appium.java_client.android.AndroidDriver
Command: [null, newSession {capabilities=[{appium:noReset=true, appium:autoGrantPermissions=true, appium:deviceName=R58T31K6CCJ, platformName=ANDROID, appium:automationName=uiautomator2, appium:app=apps/daraz.apk, appium:platformVersion=14}], desiredCapabilities=Capabilities {appium:app: apps/daraz.apk, appium:autoGrantPermissions: true, appium:automationName: uiautomator2, appium:deviceName: R58T31K6CCJ, appium:noReset: true, appium:platformVersion: 14, platformName: ANDROID}}]
Capabilities {appium:app: apps/daraz.apk, appium:autoGrantPermissions: true, appium:automationName: uiautomator2, appium:deviceName: R58T31K6CCJ, appium:noReset: true, appium:platformVersion: 14, platformName: ANDROID}">
      <![CDATA[org.openqa.selenium.SessionNotCreatedException: Could not start a new session. Response code 500. Message: An unknown server-side error occurred while processing the command. Original error: Cannot start the 'com.daraz.android' application. Consider checking the driver's troubleshooting documentation. Original error: Cannot start the 'com.daraz.android' application. Consider checking the driver's troubleshooting documentation. Original error: Activity name '.com.alipay.wp.login.ui.activity.VnLoginActivity' used to start the app doesn't exist or cannot be launched! Make sure it exists and is a launchable activity 
Host info: host: 'JAMESBOND', ip: '192.168.1.67'
Build info: version: '4.14.1', revision: '03f8ede370'
System info: os.name: 'Windows 11', os.arch: 'amd64', os.version: '10.0', java.version: '21.0.5'
Driver info: io.appium.java_client.android.AndroidDriver
Command: [null, newSession {capabilities=[{appium:noReset=true, appium:autoGrantPermissions=true, appium:deviceName=R58T31K6CCJ, platformName=ANDROID, appium:automationName=uiautomator2, appium:app=apps/daraz.apk, appium:platformVersion=14}], desiredCapabilities=Capabilities {appium:app: apps/daraz.apk, appium:autoGrantPermissions: true, appium:automationName: uiautomator2, appium:deviceName: R58T31K6CCJ, appium:noReset: true, appium:platformVersion: 14, platformName: ANDROID}}]
Capabilities {appium:app: apps/daraz.apk, appium:autoGrantPermissions: true, appium:automationName: uiautomator2, appium:deviceName: R58T31K6CCJ, appium:noReset: true, appium:platformVersion: 14, platformName: ANDROID}
at org.openqa.selenium.remote.ProtocolHandshake.createSession(ProtocolHandshake.java:140)
at io.appium.java_client.remote.AppiumProtocolHandshake.createSession(AppiumProtocolHandshake.java:133)
at io.appium.java_client.remote.AppiumProtocolHandshake.createSession(AppiumProtocolHandshake.java:102)
at io.appium.java_client.remote.AppiumCommandExecutor.createSession(AppiumCommandExecutor.java:177)
at io.appium.java_client.remote.AppiumCommandExecutor.execute(AppiumCommandExecutor.java:238)
at org.openqa.selenium.remote.RemoteWebDriver.execute(RemoteWebDriver.java:602)
at io.appium.java_client.AppiumDriver.startSession(AppiumDriver.java:268)
at org.openqa.selenium.remote.RemoteWebDriver.<init>(RemoteWebDriver.java:163)
at io.appium.java_client.AppiumDriver.<init>(AppiumDriver.java:90)
at io.appium.java_client.AppiumDriver.<init>(AppiumDriver.java:102)
at io.appium.java_client.android.AndroidDriver.<init>(AndroidDriver.java:109)
at General.webDriverFactory.startDriver(webDriverFactory.java:37)
at General.baseTest.startReport(baseTest.java:34)
... Removed 19 stack frames]]>
    </failure>
  </testcase> <!-- @BeforeSuite startReport -->
  <testcase classname="General.baseTest" name="@BeforeMethod beforeTest" time="0.0">
    <skipped/>
  </testcase> <!-- @BeforeMethod beforeTest -->
  <testcase classname="General.baseTest" name="@AfterMethod QuitDriver" time="0.0">
    <skipped/>
  </testcase> <!-- @AfterMethod QuitDriver -->
  <testcase classname="General.baseTest" name="@BeforeMethod beforeTest" time="0.0">
    <skipped/>
  </testcase> <!-- @BeforeMethod beforeTest -->
  <testcase classname="General.baseTest" name="@AfterMethod QuitDriver" time="0.0">
    <skipped/>
  </testcase> <!-- @AfterMethod QuitDriver -->
  <testcase classname="General.baseTest" name="@BeforeMethod beforeTest" time="0.0">
    <skipped/>
  </testcase> <!-- @BeforeMethod beforeTest -->
  <testcase classname="General.baseTest" name="@AfterMethod QuitDriver" time="0.0">
    <skipped/>
  </testcase> <!-- @AfterMethod QuitDriver -->
  <testcase classname="Testcases.Android.HomePageTest" name="verifySearchButtonAppear" time="0.0">
    <skipped/>
  </testcase> <!-- verifySearchButtonAppear -->
  <testcase classname="Testcases.Android.HomePageTest" name="verifyHomePageBannerAppear" time="0.0">
    <skipped/>
  </testcase> <!-- verifyHomePageBannerAppear -->
  <testcase classname="Testcases.Android.HomePageTest" name="verifyLoginAppear" time="0.0">
    <skipped/>
  </testcase> <!-- verifyLoginAppear -->
  <testcase classname="Testcases.Android.SettingPageTest" name="verifySettingPageTitle" time="0.0">
    <skipped/>
  </testcase> <!-- verifySettingPageTitle -->
</testsuite> <!-- Daraz Sanity Test -->
