<?xml version="1.0" encoding="UTF-8"?>
<!-- Generated by org.testng.reporters.JUnitReportReporter -->
<testsuite hostname="JamesBond" failures="0" tests="4" name="Testcases.Android.HomePageTest" time="85.424" errors="1" timestamp="2024-11-18T15:18:42 GMT" skipped="3">
  <testcase classname="Testcases.Android.HomePageTest" name="verifySearchButtonAppear" time="0.000">
    <skipped/>
  </testcase> <!-- verifySearchButtonAppear -->
  <system-out/>
  <testcase classname="Testcases.Android.HomePageTest" name="startReport" time="85.424">
    <error message="Could not start a new session. Response code 500. Message: An unknown server-side error occurred while processing the command. Original error: Cannot start the &#039;com.daraz.android&#039; application. Consider checking the driver&#039;s troubleshooting documentation. Original error: Cannot start the &#039;com.daraz.android&#039; application. Consider checking the driver&#039;s troubleshooting documentation. Original error: Activity name &#039;.com.alipay.wp.login.ui.activity.VnLoginActivity&#039; used to start the app doesn&#039;t exist or cannot be launched! Make sure it exists and is a launchable activity 
Host info: host: &#039;JAMESBOND&#039;, ip: &#039;192.168.1.67&#039;
Build info: version: &#039;4.14.1&#039;, revision: &#039;03f8ede370&#039;
System info: os.name: &#039;Windows 11&#039;, os.arch: &#039;amd64&#039;, os.version: &#039;10.0&#039;, java.version: &#039;21.0.5&#039;
Driver info: io.appium.java_client.android.AndroidDriver
Command: [null, newSession {capabilities=[{appium:noReset=true, appium:autoGrantPermissions=true, appium:deviceName=R58T31K6CCJ, platformName=ANDROID, appium:automationName=uiautomator2, appium:app=apps/daraz.apk, appium:platformVersion=14}], desiredCapabilities=Capabilities {appium:app: apps/daraz.apk, appium:autoGrantPermissions: true, appium:automationName: uiautomator2, appium:deviceName: R58T31K6CCJ, appium:noReset: true, appium:platformVersion: 14, platformName: ANDROID}}]
Capabilities {appium:app: apps/daraz.apk, appium:autoGrantPermissions: true, appium:automationName: uiautomator2, appium:deviceName: R58T31K6CCJ, appium:noReset: true, appium:platformVersion: 14, platformName: ANDROID}" type="org.openqa.selenium.SessionNotCreatedException">
      <![CDATA[org.openqa.selenium.SessionNotCreatedException: Could not start a new session. Response code 500. Message: An unknown server-side error occurred while processing the command. Original error: Cannot start the 'com.daraz.android' application. Consider checking the driver's troubleshooting documentation. Original error: Cannot start the 'com.daraz.android' application. Consider checking the driver's troubleshooting documentation. Original error: Activity name '.com.alipay.wp.login.ui.activity.VnLoginActivity' used to start the app doesn't exist or cannot be launched! Make sure it exists and is a launchable activity 
Host info: host: 'JAMESBOND', ip: '192.168.1.67'
Build info: version: '4.14.1', revision: '03f8ede370'
System info: os.name: 'Windows 11', os.arch: 'amd64', os.version: '10.0', java.version: '21.0.5'
Driver info: io.appium.java_client.android.AndroidDriver
Command: [null, newSession {capabilities=[{appium:noReset=true, appium:autoGrantPermissions=true, appium:deviceName=R58T31K6CCJ, platformName=ANDROID, appium:automationName=uiautomator2, appium:app=apps/daraz.apk, appium:platformVersion=14}], desiredCapabilities=Capabilities {appium:app: apps/daraz.apk, appium:autoGrantPermissions: true, appium:automationName: uiautomator2, appium:deviceName: R58T31K6CCJ, appium:noReset: true, appium:platformVersion: 14, platformName: ANDROID}}]
Capabilities {appium:app: apps/daraz.apk, appium:autoGrantPermissions: true, appium:automationName: uiautomator2, appium:deviceName: R58T31K6CCJ, appium:noReset: true, appium:platformVersion: 14, platformName: ANDROID}
at org.openqa.selenium.remote.ProtocolHandshake.createSession(ProtocolHandshake.java:140)
at java.base/jdk.internal.reflect.DirectMethodHandleAccessor.invoke(DirectMethodHandleAccessor.java:103)
at java.base/java.lang.reflect.Method.invoke(Method.java:580)
at io.appium.java_client.remote.AppiumProtocolHandshake.createSession(AppiumProtocolHandshake.java:133)
at io.appium.java_client.remote.AppiumProtocolHandshake.createSession(AppiumProtocolHandshake.java:102)
at io.appium.java_client.remote.AppiumCommandExecutor.createSession(AppiumCommandExecutor.java:177)
at io.appium.java_client.remote.AppiumCommandExecutor.execute(AppiumCommandExecutor.java:238)
at org.openqa.selenium.remote.RemoteWebDriver.execute(RemoteWebDriver.java:602)
at io.appium.java_client.AppiumDriver.startSession(AppiumDriver.java:268)
at org.openqa.selenium.remote.RemoteWebDriver.<init>(RemoteWebDriver.java:163)
at io.appium.java_client.AppiumDriver.<init>(AppiumDriver.java:90)
at io.appium.java_client.AppiumDriver.<init>(AppiumDriver.java:102)
at io.appium.java_client.android.AndroidDriver.<init>(AndroidDriver.java:109)
at General.webDriverFactory.startDriver(webDriverFactory.java:37)
at General.baseTest.startReport(baseTest.java:34)
at java.base/jdk.internal.reflect.DirectMethodHandleAccessor.invoke(DirectMethodHandleAccessor.java:103)
at java.base/java.lang.reflect.Method.invoke(Method.java:580)
at org.testng.internal.invokers.MethodInvocationHelper.invokeMethod(MethodInvocationHelper.java:139)
at org.testng.internal.invokers.MethodInvocationHelper.invokeMethodConsideringTimeout(MethodInvocationHelper.java:69)
at org.testng.internal.invokers.ConfigInvoker.invokeConfigurationMethod(ConfigInvoker.java:361)
at org.testng.internal.invokers.ConfigInvoker.invokeConfigurations(ConfigInvoker.java:296)
at org.testng.SuiteRunner.privateRun(SuiteRunner.java:372)
at org.testng.SuiteRunner.run(SuiteRunner.java:330)
at org.testng.SuiteRunnerWorker.runSuite(SuiteRunnerWorker.java:52)
at org.testng.SuiteRunnerWorker.run(SuiteRunnerWorker.java:95)
at org.testng.TestNG.runSuitesSequentially(TestNG.java:1256)
at org.testng.TestNG.runSuitesLocally(TestNG.java:1176)
at org.testng.TestNG.runSuites(TestNG.java:1099)
at org.testng.TestNG.run(TestNG.java:1067)
at org.testng.remote.AbstractRemoteTestNG.run(AbstractRemoteTestNG.java:115)
at org.testng.remote.RemoteTestNG.initAndRun(RemoteTestNG.java:293)
at org.testng.remote.RemoteTestNG.main(RemoteTestNG.java:91)
]]>
    </error>
  </testcase> <!-- startReport -->
  <system-out/>
  <testcase classname="Testcases.Android.HomePageTest" name="verifyHomePageBannerAppear" time="0.000">
    <skipped/>
  </testcase> <!-- verifyHomePageBannerAppear -->
  <system-out/>
  <testcase classname="Testcases.Android.HomePageTest" name="verifyLoginAppear" time="0.000">
    <skipped/>
  </testcase> <!-- verifyLoginAppear -->
  <system-out/>
</testsuite> <!-- Testcases.Android.HomePageTest -->
